{"C:\\Users\\user\\Desktop\\projets\\taskManager\\taskManager-frontend\\src\\lib\\utils.ts": {"path":"C:\\Users\\user\\Desktop\\projets\\taskManager\\taskManager-frontend\\src\\lib\\utils.ts","statementMap":{"0":{"start":{"line":5,"column":2},"end":{"line":5,"column":null}},"1":{"start":{"line":9,"column":2},"end":{"line":21,"column":null}},"2":{"start":{"line":10,"column":17},"end":{"line":10,"column":null}},"3":{"start":{"line":11,"column":4},"end":{"line":11,"column":null}},"4":{"start":{"line":11,"column":31},"end":{"line":11,"column":null}},"5":{"start":{"line":12,"column":4},"end":{"line":18,"column":null}},"6":{"start":{"line":20,"column":4},"end":{"line":20,"column":null}}},"fnMap":{"0":{"name":"cn","decl":{"start":{"line":4,"column":16},"end":{"line":4,"column":22}},"loc":{"start":{"line":4,"column":52},"end":{"line":6,"column":null}},"line":4},"1":{"name":"formatDate","decl":{"start":{"line":8,"column":16},"end":{"line":8,"column":27}},"loc":{"start":{"line":8,"column":55},"end":{"line":22,"column":null}},"line":8}},"branchMap":{"0":{"loc":{"start":{"line":11,"column":4},"end":{"line":11,"column":null}},"type":"if","locations":[{"start":{"line":11,"column":4},"end":{"line":11,"column":null}},{"start":{},"end":{}}],"line":11}},"s":{"0":3,"1":2,"2":2,"3":2,"4":1,"5":1,"6":0},"f":{"0":3,"1":2},"b":{"0":[1,1]},"meta":{"lastBranch":1,"lastFunction":2,"lastStatement":7,"seen":{"f:4:16:4:22":0,"s:5:2:5:Infinity":0,"f:8:16:8:27":1,"s:9:2:21:Infinity":1,"s:10:17:10:Infinity":2,"b:11:4:11:Infinity:undefined:undefined:undefined:undefined":0,"s:11:4:11:Infinity":3,"s:11:31:11:Infinity":4,"s:12:4:18:Infinity":5,"s:20:4:20:Infinity":6},"fnNames":{}}}
}
