SF:lib\data\models\task.dart
DA:12,2
DA:24,1
DA:25,1
DA:27,1
DA:29,1
DA:30,1
DA:33,2
DA:36,2
DA:38,1
DA:39,1
DA:40,1
DA:42,2
DA:49,1
DA:50,1
DA:51,1
DA:52,1
DA:53,2
DA:54,2
DA:55,2
DA:56,2
DA:60,1
DA:68,1
DA:69,1
DA:70,0
DA:71,0
DA:72,0
DA:73,1
DA:74,0
DA:78,0
DA:81,0
DA:82,0
DA:83,0
DA:84,0
DA:85,0
DA:86,0
DA:87,0
DA:88,0
DA:90,0
DA:92,0
DA:94,0
DA:96,0
LF:41
LH:24
end_of_record
SF:lib\data\models\task_status.dart
DA:20,1
DA:21,2
DA:22,2
DA:26,2
LF:4
LH:4
end_of_record
SF:lib\core\theme\app_theme.dart
DA:14,0
DA:15,0
DA:20,0
DA:24,0
DA:27,0
DA:28,0
DA:29,0
DA:30,0
DA:44,0
DA:49,0
DA:50,0
DA:53,0
DA:54,0
DA:57,0
DA:58,0
DA:59,0
DA:61,0
DA:62,0
DA:63,0
DA:65,0
DA:66,0
DA:67,0
DA:70,0
DA:71,0
DA:73,0
DA:74,0
DA:76,0
DA:77,0
DA:85,0
DA:86,0
DA:87,0
DA:89,0
DA:90,0
LF:33
LH:0
end_of_record
SF:lib\core\errors\app_exception.dart
DA:10,1
DA:13,0
DA:15,0
DA:16,0
DA:17,0
DA:18,0
DA:19,0
DA:24,0
DA:25,0
DA:26,0
DA:30,0
DA:31,0
DA:32,0
DA:33,0
DA:34,0
DA:35,0
DA:36,0
DA:41,0
DA:42,0
DA:46,0
DA:57,0
DA:62,0
DA:63,0
DA:69,0
DA:75,0
DA:78,0
DA:89,2
DA:90,2
LF:28
LH:3
end_of_record
SF:lib\core\storage\token_storage.dart
DA:21,0
DA:24,0
DA:27,0
DA:33,0
DA:35,0
DA:38,0
DA:40,0
LF:7
LH:0
end_of_record
SF:lib\presentation\providers\auth_provider.dart
DA:25,1
DA:31,2
DA:32,2
DA:33,2
DA:34,2
DA:37,1
DA:38,1
DA:39,1
DA:41,2
DA:42,1
DA:43,1
DA:45,1
DA:48,1
DA:49,1
DA:53,1
DA:54,1
DA:55,1
DA:56,1
DA:57,1
DA:61,2
DA:62,2
DA:63,1
DA:64,1
DA:65,1
DA:68,2
DA:69,1
DA:70,1
DA:76,1
DA:77,2
DA:78,1
DA:79,1
DA:80,1
DA:81,1
DA:85,0
DA:86,0
LF:35
LH:33
end_of_record
SF:lib\presentation\providers\tasks_provider.dart
DA:18,1
DA:21,3
DA:22,2
DA:23,2
DA:24,2
DA:27,1
DA:28,1
DA:29,1
DA:30,1
DA:33,2
DA:35,5
DA:36,1
DA:37,1
DA:38,1
DA:40,2
DA:41,1
DA:42,1
DA:47,1
DA:52,1
DA:53,1
DA:54,1
DA:55,1
DA:58,2
DA:63,3
DA:64,1
DA:65,1
DA:68,0
DA:69,0
DA:70,0
DA:76,1
DA:82,1
DA:83,1
DA:84,1
DA:85,1
DA:88,2
DA:95,5
DA:96,2
DA:97,2
DA:98,1
DA:99,1
DA:101,1
DA:102,1
DA:105,0
DA:106,0
DA:107,0
DA:113,1
DA:114,1
DA:115,1
DA:118,2
DA:119,7
DA:120,1
DA:123,0
DA:124,0
DA:130,0
DA:131,0
DA:132,0
DA:133,0
DA:134,0
DA:135,0
LF:59
LH:45
end_of_record
